P5 Printout for CS 3410
----------------------------------
Trace  		trace.1t.long.txt
Instruction Limit 	none
 *** Cache Configuration *** 
capacity   		131072 B
block_size 		   64 B
associativity 		1-way
n_set 			2048
n_cache_line 	2048
tag: 15, index: 11, offset: 6
Coherence Protocol: 	none
lru_on_invalidate_f: 	false
Processing trace...
1 0
Processed 35650 lines.
    *** Results for Core 0 ***
0.n_cpu_accesses 	35650
0.n_loads 		26908
0.n_stores 		8742
0.n_hits 		35236
0.n_misses 		414
0.hit_rate 		98.84
0.miss_rate 		1.16
0.n_upgrade_miss 	0
0.n_bus_snoops 	0
0.n_snoop_hits 	0
0.n_writebacks 	17
Memory Traffic:
0.B_written_bus_to_cache 	26496
0.B_written_cache_to_bus_wb 	1088
0.B_written_cache_to_bus_wt 	34968
0.B_total_traffic_wb 	27584
0.B_total_traffic_wt 	61464
