P5 Printout for CS 3410
----------------------------------
Trace  		trace.1t.long.txt
Instruction Limit 	none
 *** Cache Configuration *** 
capacity   		65536 B
block_size 		   64 B
associativity 		4-way
n_set 			256
n_cache_line 	1024
tag: 18, index: 8, offset: 6
Coherence Protocol: 	none
lru_on_invalidate_f: 	false
Processing trace...
1 0
Processed 35650 lines.
    *** Results for Core 0 ***
0.n_cpu_accesses 	35650
0.n_loads 		26908
0.n_stores 		8742
0.n_hits 		35265
0.n_misses 		385
0.hit_rate 		98.92
0.miss_rate 		1.08
0.n_upgrade_miss 	0
0.n_bus_snoops 	0
0.n_snoop_hits 	0
0.n_writebacks 	5
Memory Traffic:
0.B_written_bus_to_cache 	24640
0.B_written_cache_to_bus_wb 	320
0.B_written_cache_to_bus_wt 	34968
0.B_total_traffic_wb 	24960
0.B_total_traffic_wt 	59608
