P5 Printout for CS 3410
----------------------------------
Trace  		trace.1t.long.txt
Instruction Limit 	none
 *** Cache Configuration *** 
capacity   		32768 B
block_size 		   64 B
associativity 		4-way
n_set 			128
n_cache_line 	512
tag: 19, index: 7, offset: 6
Coherence Protocol: 	none
lru_on_invalidate_f: 	false
Processing trace...
1 0
Processed 35650 lines.
    *** Results for Core 0 ***
0.n_cpu_accesses 	35650
0.n_loads 		26908
0.n_stores 		8742
0.n_hits 		35261
0.n_misses 		389
0.hit_rate 		98.91
0.miss_rate 		1.09
0.n_upgrade_miss 	0
0.n_bus_snoops 	0
0.n_snoop_hits 	0
0.n_writebacks 	9
Memory Traffic:
0.B_written_bus_to_cache 	24896
0.B_written_cache_to_bus_wb 	576
0.B_written_cache_to_bus_wt 	34968
0.B_total_traffic_wb 	25472
0.B_total_traffic_wt 	59864
